#
# A fatal error has been detected by the Java Runtime Environment:
#
#  EXCEPTION_ACCESS_VIOLATION (0xc0000005) at pc=0x6e6b5e04, pid=6148, tid=0x00001e28
#
# JRE version: Java(TM) SE Runtime Environment (8.0_144-b01) (build 1.8.0_144-b01)
# Java VM: Java HotSpot(TM) Client VM (25.144-b01 mixed mode windows-x86 )
# Problematic frame:
# V  [jvm.dll+0x95e04]
#
# Failed to write core dump. Minidumps are not enabled by default on client versions of Windows
#
# If you would like to submit a bug report, please visit:
#   http://bugreport.java.com/bugreport/crash.jsp
#

---------------  T H R E A D  ---------------

Current thread (0x008a4000):  VMThread [stack: 0x25240000,0x25440000] [id=7720]

siginfo: ExceptionCode=0xc0000005, reading address 0x7f3f6c88

Registers:
EAX=0x7f3f6c88, EBX=0x00000004, ECX=0x28a0c508, EDX=0x6e6b6200
ESP=0x2543f52c, EBP=0x2543f53c, ESI=0x007fbb28, EDI=0x06be4218
EIP=0x6e6b5e04, EFLAGS=0x00010206

Top of Stack: (sp=0x2543f52c)
0x2543f52c:   127c7734 2543f774 127c7740 007fbb28
0x2543f53c:   2543f550 6e6b6026 06be4218 24aae8e8
0x2543f54c:   127c7734 2543f570 6e6d6e49 127c7734
0x2543f55c:   2543f5ac 127c7728 127c7740 24aae7a8
0x2543f56c:   24aae8f0 2543f58c 6e6c5f0f 127c7728
0x2543f57c:   2543f5ac 127c8200 0f4a0000 127c7200
0x2543f58c:   2543f5c0 6e6c5d1b 127c7200 00000420
0x2543f59c:   127c7100 127c8280 2543f5ac 2e2fc070 

Instructions: (pc=0x6e6b5e04)
0x6e6b5de4:   eb 02 c1 ea 02 23 da eb 0a 8b 01 8b 50 74 57 ff
0x6e6b5df4:   d2 8b d8 8b 07 f6 d0 a8 01 8b 07 74 05 83 e0 fd
0x6e6b5e04:   8b 00 c1 e8 03 83 e0 0f 3b 86 8c 00 00 00 73 15
0x6e6b5e14:   8b 8e c8 01 00 00 53 e8 c0 fc 00 00 8b f0 85 f6 


Register to memory mapping:

EAX=0x7f3f6c88 is an unknown value
EBX=0x00000004 is an unknown value
ECX=0x28a0c508 is pointing into metadata
EDX=0x6e6b6200 is an unknown value
ESP=0x2543f52c is an unknown value
EBP=0x2543f53c is an unknown value
ESI=0x007fbb28 is an unknown value
EDI=0x06be4218 is an oop
javafx.beans.property.ReadOnlyObjectWrapper$ReadOnlyPropertyImpl 
 - klass: 'javafx/beans/property/ReadOnlyObjectWrapper$ReadOnlyPropertyImpl'


Stack: [0x25240000,0x25440000],  sp=0x2543f52c,  free space=2045k
Native frames: (J=compiled Java code, j=interpreted, Vv=VM code, C=native code)
V  [jvm.dll+0x95e04]
V  [jvm.dll+0x96026]
V  [jvm.dll+0xb6e49]
V  [jvm.dll+0xa5f0f]
V  [jvm.dll+0xa5d1b]
V  [jvm.dll+0xa5267]
V  [jvm.dll+0x92245]
V  [jvm.dll+0x91770]
V  [jvm.dll+0x91d44]
V  [jvm.dll+0x9ac5c]
V  [jvm.dll+0x91c04]
V  [jvm.dll+0x99b4e]
V  [jvm.dll+0x959c9]
V  [jvm.dll+0x99683]
V  [jvm.dll+0x936b5]
V  [jvm.dll+0x1b9146]
V  [jvm.dll+0x1834eb]
V  [jvm.dll+0x1828f1]
V  [jvm.dll+0x182d07]
V  [jvm.dll+0x182f02]
V  [jvm.dll+0x1c2ec6]
C  [MSVCR100.dll+0x5c556]
C  [MSVCR100.dll+0x5c600]
C  [kernel32.dll+0x1336a]
C  [ntdll.dll+0x398f2]
C  [ntdll.dll+0x398c5]

VM_Operation (0x2730e1d0): GenCollectForAllocation, mode: safepoint, requested by thread 0x26482800


---------------  P R O C E S S  ---------------

Java Threads: ( => current thread )
  0x26604400 JavaThread "BlueJ compiler thread" [_thread_blocked, id=2716, stack(0x31df0000,0x31ff0000)]
  0x26603c00 JavaThread "Disposer" daemon [_thread_blocked, id=3804, stack(0x2c350000,0x2c550000)]
  0x34446400 JavaThread "vm-event-handler" [_thread_blocked, id=5324, stack(0x36bd0000,0x36dd0000)]
  0x34445c00 JavaThread "BlueJ I/O Handler" [_thread_blocked, id=4120, stack(0x369d0000,0x36bd0000)]
  0x34445800 JavaThread "BlueJ I/O Handler" [_thread_in_native, id=5712, stack(0x367d0000,0x369d0000)]
  0x26607000 JavaThread "BlueJ I/O Handler" [_thread_in_native, id=136, stack(0x34200000,0x34400000)]
  0x34444c00 JavaThread "JDI Target VM Interface" daemon [_thread_in_native, id=8016, stack(0x363d0000,0x365d0000)]
  0x34444400 JavaThread "JDI Internal Event Handler" daemon [_thread_blocked, id=4512, stack(0x361d0000,0x363d0000)]
  0x34443c00 JavaThread "pool-3-thread-8" [_thread_blocked, id=8368, stack(0x35ed0000,0x360d0000)]
  0x26609000 JavaThread "pool-3-thread-7" [_thread_blocked, id=5220, stack(0x35c90000,0x35e90000)]
  0x26608800 JavaThread "pool-3-thread-6" [_thread_blocked, id=5804, stack(0x35a50000,0x35c50000)]
  0x26608000 JavaThread "pool-3-thread-5" [_thread_blocked, id=8940, stack(0x35810000,0x35a10000)]
  0x26607c00 JavaThread "pool-3-thread-4" [_thread_blocked, id=8848, stack(0x35610000,0x35810000)]
  0x26607400 JavaThread "pool-3-thread-3" [_thread_blocked, id=7380, stack(0x35410000,0x35610000)]
  0x26605c00 JavaThread "pool-3-thread-2" [_thread_blocked, id=8232, stack(0x33880000,0x33a80000)]
  0x26605800 JavaThread "pool-3-thread-1" [_thread_blocked, id=1408, stack(0x32f30000,0x33130000)]
  0x26603800 JavaThread "TimerQueue" daemon [_thread_blocked, id=636, stack(0x2d320000,0x2d520000)]
  0x26602c00 JavaThread "SeedGenerator Thread" daemon [_thread_blocked, id=5748, stack(0x2c610000,0x2c810000)]
  0x26601c00 JavaThread "AWT-EventQueue-0" [_thread_blocked, id=8572, stack(0x2b950000,0x2bb50000)]
  0x26601800 JavaThread "Prism Font Disposer" daemon [_thread_blocked, id=7368, stack(0x2b080000,0x2b280000)]
  0x264d9800 JavaThread "Thread-5" [_thread_blocked, id=5252, stack(0x29160000,0x29360000)]
  0x264d3800 JavaThread "AWT-Windows" daemon [_thread_in_native, id=8636, stack(0x28f20000,0x29120000)]
  0x264a4400 JavaThread "AWT-Shutdown" [_thread_blocked, id=8980, stack(0x28ce0000,0x28ee0000)]
  0x264a3c00 JavaThread "Java2D Disposer" daemon [_thread_blocked, id=7560, stack(0x28aa0000,0x28ca0000)]
  0x264a5c00 JavaThread "Thread-3" daemon [_thread_blocked, id=6672, stack(0x286a0000,0x288a0000)]
  0x26482800 JavaThread "JavaFX Application Thread" [_thread_blocked, id=5920, stack(0x27110000,0x27310000)]
  0x26481000 JavaThread "Thread-2" daemon [_thread_blocked, id=2092, stack(0x26dd0000,0x26fd0000)]
  0x2523fc00 JavaThread "QuantumRenderer-0" daemon [_thread_blocked, id=8664, stack(0x26840000,0x26a40000)]
  0x251f2c00 JavaThread "JavaFX-Launcher" [_thread_blocked, id=8944, stack(0x26240000,0x26440000)]
  0x250d5000 JavaThread "Service Thread" daemon [_thread_blocked, id=4128, stack(0x25e40000,0x26040000)]
  0x250b7400 JavaThread "C1 CompilerThread0" daemon [_thread_blocked, id=5268, stack(0x25c40000,0x25e40000)]
  0x250c3400 JavaThread "Attach Listener" daemon [_thread_blocked, id=1400, stack(0x25a40000,0x25c40000)]
  0x250c0400 JavaThread "Signal Dispatcher" daemon [_thread_blocked, id=2284, stack(0x25840000,0x25a40000)]
  0x008b0c00 JavaThread "Finalizer" daemon [_thread_blocked, id=5248, stack(0x25640000,0x25840000)]
  0x008aac00 JavaThread "Reference Handler" daemon [_thread_blocked, id=5632, stack(0x25440000,0x25640000)]
  0x0038bc00 JavaThread "main" [_thread_blocked, id=3196, stack(0x00090000,0x00290000)]

Other Threads:
=>0x008a4000 VMThread [stack: 0x25240000,0x25440000] [id=7720]
  0x250bec00 WatcherThread [stack: 0x26040000,0x26240000] [id=6316]

VM state:at safepoint (normal execution)

VM Mutex/Monitor currently owned by a thread:  ([mutex/lock_event])
[0x0038a1a0] Threads_lock - owner thread: 0x008a4000
[0x0038a5b0] Heap_lock - owner thread: 0x26482800

Heap:
 def new generation   total 36288K, used 36288K [0x04a00000, 0x07150000, 0x0f4a0000)
  eden space 32320K, 100% used [0x04a00000, 0x06990000, 0x06990000)
  from space 3968K, 100% used [0x06990000, 0x06d70000, 0x06d70000)
  to   space 3968K,   0% used [0x06d70000, 0x06d70178, 0x07150000)
 tenured generation   total 80328K, used 58235K [0x0f4a0000, 0x14312000, 0x24a00000)
   the space 80328K,  72% used [0x0f4a0000, 0x12d7ed18, 0x12d7ee00, 0x14312000)
 Metaspace       used 30403K, capacity 32870K, committed 33024K, reserved 33152K

Card table byte_map: [0x01ff0000,0x02100000] byte_map_base: 0x01fcb000

Polling page: 0x00360000

CodeCache: size=32768Kb used=6548Kb max_used=6599Kb free=26219Kb
 bounds [0x02910000, 0x02f88000, 0x04910000]
 total_blobs=5236 nmethods=4747 adapters=418
 compilation: enabled

Compilation events (10 events):
Event: 53.537 Thread 0x250b7400 5939             org.reactfx.value.VarFromVal::setValue (11 bytes)
Event: 53.537 Thread 0x250b7400 nmethod 5939 0x02ba1d88 code [0x02ba1e90, 0x02ba1f2c]
Event: 53.551 Thread 0x250b7400 5940             java.util.Collections$UnmodifiableList$1::next (10 bytes)
Event: 53.552 Thread 0x250b7400 nmethod 5940 0x02b343c8 code [0x02b344d0, 0x02b3456c]
Event: 53.559 Thread 0x250b7400 5941             org.reactfx.EventStreams$3$$Lambda$415/30052224::unsubscribe (12 bytes)
Event: 53.559 Thread 0x250b7400 nmethod 5941 0x02be26c8 code [0x02be27d0, 0x02be286c]
Event: 53.566 Thread 0x250b7400 5942             com.sun.javafx.geom.transform.TransformHelper::general3dBoundsTransform (937 bytes)
Event: 53.568 Thread 0x250b7400 nmethod 5942 0x02a735c8 code [0x02a737a0, 0x02a74354]
Event: 53.568 Thread 0x250b7400 5943             com.sun.javafx.geom.transform.BaseTransform::almostZero (22 bytes)
Event: 53.568 Thread 0x250b7400 nmethod 5943 0x029e3cc8 code [0x029e3dd0, 0x029e3e80]

GC Heap History (10 events):
Event: 21.428 GC heap after
Heap after GC invocations=93 (full 6):
 def new generation   total 28800K, used 3136K [0x04a00000, 0x06930000, 0x0f4a0000)
  eden space 25664K,   0% used [0x04a00000, 0x04a00000, 0x06310000)
  from space 3136K, 100% used [0x06310000, 0x06620000, 0x06620000)
  to   space 3136K,   0% used [0x06620000, 0x06620000, 0x06930000)
 tenured generation   total 63600K, used 58889K [0x0f4a0000, 0x132bc000, 0x24a00000)
   the space 63600K,  92% used [0x0f4a0000, 0x12e22550, 0x12e22600, 0x132bc000)
 Metaspace       used 27396K, capacity 29766K, committed 29824K, reserved 30080K
}
Event: 23.143 GC heap before
{Heap before GC invocations=93 (full 6):
 def new generation   total 28800K, used 28800K [0x04a00000, 0x06930000, 0x0f4a0000)
  eden space 25664K, 100% used [0x04a00000, 0x06310000, 0x06310000)
  from space 3136K, 100% used [0x06310000, 0x06620000, 0x06620000)
  to   space 3136K,   0% used [0x06620000, 0x06620000, 0x06930000)
 tenured generation   total 63600K, used 58889K [0x0f4a0000, 0x132bc000, 0x24a00000)
   the space 63600K,  92% used [0x0f4a0000, 0x12e22550, 0x12e22600, 0x132bc000)
 Metaspace       used 27396K, capacity 29766K, committed 29824K, reserved 30080K
Event: 23.157 GC heap after
Heap after GC invocations=94 (full 6):
 def new generation   total 28800K, used 3136K [0x04a00000, 0x06930000, 0x0f4a0000)
  eden space 25664K,   0% used [0x04a00000, 0x04a00000, 0x06310000)
  from space 3136K, 100% used [0x06620000, 0x06930000, 0x06930000)
  to   space 3136K,   0% used [0x06310000, 0x06310000, 0x06620000)
 tenured generation   total 63600K, used 63218K [0x0f4a0000, 0x132bc000, 0x24a00000)
   the space 63600K,  99% used [0x0f4a0000, 0x1325c868, 0x1325ca00, 0x132bc000)
 Metaspace       used 27396K, capacity 29766K, committed 29824K, reserved 30080K
}
Event: 35.186 GC heap before
{Heap before GC invocations=94 (full 6):
 def new generation   total 28800K, used 28800K [0x04a00000, 0x06930000, 0x0f4a0000)
  eden space 25664K, 100% used [0x04a00000, 0x06310000, 0x06310000)
  from space 3136K, 100% used [0x06620000, 0x06930000, 0x06930000)
  to   space 3136K,   0% used [0x06310000, 0x06310000, 0x06620000)
 tenured generation   total 63600K, used 63218K [0x0f4a0000, 0x132bc000, 0x24a00000)
   the space 63600K,  99% used [0x0f4a0000, 0x1325c868, 0x1325ca00, 0x132bc000)
 Metaspace       used 28952K, capacity 31411K, committed 31488K, reserved 32128K
Event: 35.315 GC heap after
Heap after GC invocations=95 (full 7):
 def new generation   total 36288K, used 0K [0x04a00000, 0x07150000, 0x0f4a0000)
  eden space 32320K,   0% used [0x04a00000, 0x04a00000, 0x06990000)
  from space 3968K,   0% used [0x06990000, 0x06990000, 0x06d70000)
  to   space 3968K,   0% used [0x06d70000, 0x06d70000, 0x07150000)
 tenured generation   total 80328K, used 48195K [0x0f4a0000, 0x14312000, 0x24a00000)
   the space 80328K,  59% used [0x0f4a0000, 0x123b0d30, 0x123b0e00, 0x14312000)
 Metaspace       used 28938K, capacity 31394K, committed 31488K, reserved 32128K
}
Event: 48.872 GC heap before
{Heap before GC invocations=95 (full 7):
 def new generation   total 36288K, used 32320K [0x04a00000, 0x07150000, 0x0f4a0000)
  eden space 32320K, 100% used [0x04a00000, 0x06990000, 0x06990000)
  from space 3968K,   0% used [0x06990000, 0x06990000, 0x06d70000)
  to   space 3968K,   0% used [0x06d70000, 0x06d70000, 0x07150000)
 tenured generation   total 80328K, used 48195K [0x0f4a0000, 0x14312000, 0x24a00000)
   the space 80328K,  59% used [0x0f4a0000, 0x123b0d30, 0x123b0e00, 0x14312000)
 Metaspace       used 30399K, capacity 32865K, committed 33024K, reserved 33152K
Event: 48.890 GC heap after
Heap after GC invocations=96 (full 7):
 def new generation   total 36288K, used 3968K [0x04a00000, 0x07150000, 0x0f4a0000)
  eden space 32320K,   0% used [0x04a00000, 0x04a00000, 0x06990000)
  from space 3968K, 100% used [0x06d70000, 0x07150000, 0x07150000)
  to   space 3968K,   0% used [0x06990000, 0x06990000, 0x06d70000)
 tenured generation   total 80328K, used 51425K [0x0f4a0000, 0x14312000, 0x24a00000)
   the space 80328K,  64% used [0x0f4a0000, 0x126d8628, 0x126d8800, 0x14312000)
 Metaspace       used 30399K, capacity 32865K, committed 33024K, reserved 33152K
}
Event: 52.516 GC heap before
{Heap before GC invocations=96 (full 7):
 def new generation   total 36288K, used 36288K [0x04a00000, 0x07150000, 0x0f4a0000)
  eden space 32320K, 100% used [0x04a00000, 0x06990000, 0x06990000)
  from space 3968K, 100% used [0x06d70000, 0x07150000, 0x07150000)
  to   space 3968K,   0% used [0x06990000, 0x06990000, 0x06d70000)
 tenured generation   total 80328K, used 51425K [0x0f4a0000, 0x14312000, 0x24a00000)
   the space 80328K,  64% used [0x0f4a0000, 0x126d8628, 0x126d8800, 0x14312000)
 Metaspace       used 30403K, capacity 32870K, committed 33024K, reserved 33152K
Event: 52.537 GC heap after
Heap after GC invocations=97 (full 7):
 def new generation   total 36288K, used 3968K [0x04a00000, 0x07150000, 0x0f4a0000)
  eden space 32320K,   0% used [0x04a00000, 0x04a00000, 0x06990000)
  from space 3968K, 100% used [0x06990000, 0x06d70000, 0x06d70000)
  to   space 3968K,   0% used [0x06d70000, 0x06d70000, 0x07150000)
 tenured generation   total 80328K, used 58137K [0x0f4a0000, 0x14312000, 0x24a00000)
   the space 80328K,  72% used [0x0f4a0000, 0x12d66558, 0x12d66600, 0x14312000)
 Metaspace       used 30403K, capacity 32870K, committed 33024K, reserved 33152K
}
Event: 53.573 GC heap before
{Heap before GC invocations=97 (full 7):
 def new generation   total 36288K, used 36288K [0x04a00000, 0x07150000, 0x0f4a0000)
  eden space 32320K, 100% used [0x04a00000, 0x06990000, 0x06990000)
  from space 3968K, 100% used [0x06990000, 0x06d70000, 0x06d70000)
  to   space 3968K,   0% used [0x06d70000, 0x06d70000, 0x07150000)
 tenured generation   total 80328K, used 58137K [0x0f4a0000, 0x14312000, 0x24a00000)
   the space 80328K,  72% used [0x0f4a0000, 0x12d66558, 0x12d66600, 0x14312000)
 Metaspace       used 30403K, capacity 32870K, committed 33024K, reserved 33152K

Deoptimization events (0 events):
No events

Internal exceptions (10 events):
Event: 44.040 Thread 0x2523fc00 Exception <a 'java/lang/ArrayIndexOutOfBoundsException'> (0x06538cf8) thrown at [C:\workspace\8-2-build-windows-i586-cygwin\jdk8u144\9417\hotspot\src\share\vm\runtime\sharedRuntime.cpp, line 605]
Event: 44.040 Thread 0x2523fc00 Exception <a 'java/lang/ArrayIndexOutOfBoundsException'> (0x06539248) thrown at [C:\workspace\8-2-build-windows-i586-cygwin\jdk8u144\9417\hotspot\src\share\vm\runtime\sharedRuntime.cpp, line 605]
Event: 44.248 Thread 0x2523fc00 Exception <a 'java/lang/ArrayIndexOutOfBoundsException'> (0x0654a030) thrown at [C:\workspace\8-2-build-windows-i586-cygwin\jdk8u144\9417\hotspot\src\share\vm\runtime\sharedRuntime.cpp, line 605]
Event: 44.248 Thread 0x2523fc00 Exception <a 'java/lang/ArrayIndexOutOfBoundsException'> (0x0654a580) thrown at [C:\workspace\8-2-build-windows-i586-cygwin\jdk8u144\9417\hotspot\src\share\vm\runtime\sharedRuntime.cpp, line 605]
Event: 44.312 Thread 0x2523fc00 Exception <a 'java/lang/ArrayIndexOutOfBoundsException'> (0x0655b380) thrown at [C:\workspace\8-2-build-windows-i586-cygwin\jdk8u144\9417\hotspot\src\share\vm\runtime\sharedRuntime.cpp, line 605]
Event: 44.312 Thread 0x2523fc00 Exception <a 'java/lang/ArrayIndexOutOfBoundsException'> (0x0655b8d0) thrown at [C:\workspace\8-2-build-windows-i586-cygwin\jdk8u144\9417\hotspot\src\share\vm\runtime\sharedRuntime.cpp, line 605]
Event: 45.322 Thread 0x2523fc00 Exception <a 'java/lang/ArrayIndexOutOfBoundsException'> (0x06571230) thrown at [C:\workspace\8-2-build-windows-i586-cygwin\jdk8u144\9417\hotspot\src\share\vm\runtime\sharedRuntime.cpp, line 605]
Event: 45.336 Thread 0x2523fc00 Exception <a 'java/lang/ArrayIndexOutOfBoundsException'> (0x0660c4b8) thrown at [C:\workspace\8-2-build-windows-i586-cygwin\jdk8u144\9417\hotspot\src\share\vm\runtime\sharedRuntime.cpp, line 605]
Event: 45.384 Thread 0x2523fc00 Exception <a 'java/lang/ArrayIndexOutOfBoundsException'> (0x067bade0) thrown at [C:\workspace\8-2-build-windows-i586-cygwin\jdk8u144\9417\hotspot\src\share\vm\runtime\sharedRuntime.cpp, line 605]
Event: 48.960 Thread 0x2523fc00 Exception <a 'java/lang/ArrayIndexOutOfBoundsException'> (0x05419de0) thrown at [C:\workspace\8-2-build-windows-i586-cygwin\jdk8u144\9417\hotspot\src\share\vm\runtime\sharedRuntime.cpp, line 605]

Events (10 events):
Event: 52.539 Thread 0x250b7400 flushing nmethod 0x02be2ac8
Event: 53.537 Thread 0x250b7400 flushing nmethod 0x029e3948
Event: 53.538 Thread 0x250b7400 flushing nmethod 0x02a72a88
Event: 53.538 Thread 0x250b7400 flushing nmethod 0x02b34308
Event: 53.538 Thread 0x250b7400 flushing nmethod 0x02be2548
Event: 53.538 Thread 0x250b7400 flushing nmethod 0x02be3188
Event: 53.538 Thread 0x250b7400 flushing nmethod 0x02be34c8
Event: 53.538 Thread 0x250b7400 flushing nmethod 0x02be36c8
Event: 53.538 Thread 0x250b7400 flushing nmethod 0x02be3908
Event: 53.573 Executing VM operation: GenCollectForAllocation


Dynamic libraries:
0x00400000 - 0x00494000 	C:\Program Files (x86)\BlueJ\BlueJ.exe
0x77300000 - 0x77480000 	C:\Windows\SysWOW64\ntdll.dll
0x761a0000 - 0x762b0000 	C:\Windows\syswow64\kernel32.dll
0x74c20000 - 0x74c67000 	C:\Windows\syswow64\KERNELBASE.dll
0x75730000 - 0x757d1000 	C:\Windows\syswow64\ADVAPI32.DLL
0x75970000 - 0x75a1c000 	C:\Windows\syswow64\msvcrt.dll
0x760b0000 - 0x760c9000 	C:\Windows\SysWOW64\sechost.dll
0x75b70000 - 0x75c60000 	C:\Windows\syswow64\RPCRT4.dll
0x74ba0000 - 0x74c00000 	C:\Windows\syswow64\SspiCli.dll
0x74b90000 - 0x74b9c000 	C:\Windows\syswow64\CRYPTBASE.dll
0x760e0000 - 0x7615b000 	C:\Windows\syswow64\COMDLG32.DLL
0x75900000 - 0x75957000 	C:\Windows\syswow64\SHLWAPI.dll
0x75ae0000 - 0x75b70000 	C:\Windows\syswow64\GDI32.dll
0x75cc0000 - 0x75dc0000 	C:\Windows\syswow64\USER32.dll
0x75a20000 - 0x75a2a000 	C:\Windows\syswow64\LPK.dll
0x75a30000 - 0x75acd000 	C:\Windows\syswow64\USP10.dll
0x73410000 - 0x73494000 	C:\Windows\WinSxS\x86_microsoft.windows.common-controls_6595b64144ccf1df_5.82.7601.18837_none_ec86b8d6858ec0bc\COMCTL32.dll
0x762b0000 - 0x76efc000 	C:\Windows\syswow64\SHELL32.dll
0x71580000 - 0x71589000 	C:\Windows\system32\VERSION.dll
0x758a0000 - 0x75900000 	C:\Windows\system32\IMM32.DLL
0x75dd0000 - 0x75e9d000 	C:\Windows\syswow64\MSCTF.dll
0x73870000 - 0x738a2000 	C:\PROGRA~2\Sophos\SOPHOS~1\sophos_detoured.dll
0x74c70000 - 0x74c75000 	C:\Windows\syswow64\PSAPI.DLL
0x6e620000 - 0x6e9ee000 	C:\Program Files (x86)\BlueJ\jdk\jre\bin\client\jvm.dll
0x74300000 - 0x74307000 	C:\Windows\system32\WSOCK32.dll
0x76160000 - 0x76195000 	C:\Windows\syswow64\WS2_32.dll
0x74dd0000 - 0x74dd6000 	C:\Windows\syswow64\NSI.dll
0x70d80000 - 0x70db2000 	C:\Windows\system32\WINMM.dll
0x72550000 - 0x7260f000 	C:\Program Files (x86)\BlueJ\jdk\jre\bin\MSVCR100.dll
0x73570000 - 0x7357c000 	C:\Program Files (x86)\BlueJ\jdk\jre\bin\verify.dll
0x73240000 - 0x73261000 	C:\Program Files (x86)\BlueJ\jdk\jre\bin\java.dll
0x72c10000 - 0x72c23000 	C:\Program Files (x86)\BlueJ\jdk\jre\bin\zip.dll
0x74de0000 - 0x74f3d000 	C:\Windows\syswow64\ole32.dll
0x75dc0000 - 0x75dcb000 	C:\Windows\syswow64\profapi.dll
0x71840000 - 0x7192e000 	C:\Program Files (x86)\BlueJ\jdk\jre\bin\msvcr120.dll
0x72900000 - 0x72971000 	C:\Program Files (x86)\BlueJ\jdk\jre\bin\msvcp120.dll
0x727a0000 - 0x727be000 	C:\Program Files (x86)\BlueJ\jdk\jre\bin\prism_d3d.dll
0x703f0000 - 0x705b3000 	C:\Windows\system32\d3d9.dll
0x73560000 - 0x73566000 	C:\Windows\system32\d3d8thk.dll
0x74210000 - 0x74223000 	C:\Windows\system32\dwmapi.dll
0x74240000 - 0x742c0000 	C:\Windows\system32\uxtheme.dll
0x6bf30000 - 0x6cce8000 	C:\Windows\system32\nvd3dum.dll
0x72760000 - 0x72793000 	C:\Program Files (x86)\BlueJ\jdk\jre\bin\glass.dll
0x75fd0000 - 0x76061000 	C:\Windows\syswow64\OLEAUT32.dll
0x71810000 - 0x71835000 	C:\Windows\system32\powrprof.dll
0x751a0000 - 0x7533d000 	C:\Windows\syswow64\SETUPAPI.dll
0x76070000 - 0x76097000 	C:\Windows\syswow64\CFGMGR32.dll
0x74c00000 - 0x74c12000 	C:\Windows\syswow64\DEVOBJ.dll
0x713c0000 - 0x71487000 	C:\Program Files (x86)\NVIDIA Corporation\3D Vision\nvSCPAPI.dll
0x6e4d0000 - 0x6e615000 	C:\Program Files (x86)\BlueJ\jdk\jre\bin\awt.dll
0x72740000 - 0x72751000 	C:\Program Files (x86)\BlueJ\jdk\jre\bin\javafx_font.dll
0x6e390000 - 0x6e4c6000 	C:\Windows\system32\dwrite.dll
0x75350000 - 0x753d3000 	C:\Windows\syswow64\CLBCatQ.DLL
0x73020000 - 0x731be000 	C:\Windows\WinSxS\x86_microsoft.windows.common-controls_6595b64144ccf1df_6.0.7601.18837_none_41e855142bd5705d\comctl32.dll
0x6e250000 - 0x6e381000 	C:\Windows\system32\WindowsCodecs.dll
0x734e0000 - 0x7352c000 	C:\Windows\system32\apphelp.dll
0x6def0000 - 0x6e099000 	C:\PROGRA~2\MICROS~2\Office15\GROOVEEX.DLL
0x70720000 - 0x70789000 	C:\Windows\system32\MSVCP100.dll
0x70850000 - 0x70876000 	C:\Windows\system32\ATL100.DLL
0x70140000 - 0x70386000 	C:\Windows\system32\msi.dll
0x6b6b0000 - 0x6bf2d000 	C:\PROGRA~2\MICROS~2\Office15\1033\GrooveIntlResource.dll
0x70e90000 - 0x70ec1000 	C:\Windows\system32\EhStorShell.dll
0x73270000 - 0x73365000 	C:\Windows\system32\PROPSYS.dll
0x70950000 - 0x709c0000 	C:\Windows\system32\ntshrui.dll
0x71650000 - 0x71669000 	C:\Windows\system32\srvcli.dll
0x73580000 - 0x7358b000 	C:\Windows\system32\cscapi.dll
0x73230000 - 0x7323a000 	C:\Windows\system32\slc.dll
0x71590000 - 0x715b1000 	C:\Program Files (x86)\Common Files\Microsoft Shared\Ink\rtscom.dll
0x73640000 - 0x73657000 	C:\Windows\system32\CRYPTSP.dll
0x73600000 - 0x7363b000 	C:\Windows\system32\rsaenh.dll
0x75430000 - 0x75447000 	C:\Windows\syswow64\USERENV.dll
0x71980000 - 0x71996000 	C:\Program Files (x86)\BlueJ\jdk\jre\bin\net.dll
0x706b0000 - 0x706ec000 	C:\Windows\system32\mswsock.dll
0x6f290000 - 0x6f296000 	C:\Windows\System32\wship6.dll
0x71350000 - 0x7136c000 	C:\Windows\system32\IPHLPAPI.DLL
0x71340000 - 0x71347000 	C:\Windows\system32\WINNSI.DLL
0x705c0000 - 0x705cd000 	C:\Windows\system32\dhcpcsvc6.DLL
0x705d0000 - 0x705e2000 	C:\Windows\system32\dhcpcsvc.DLL
0x713b0000 - 0x713bf000 	C:\Program Files (x86)\BlueJ\jdk\jre\bin\nio.dll
0x71370000 - 0x713a9000 	C:\Program Files (x86)\BlueJ\jdk\jre\bin\fontmanager.dll
0x70dc0000 - 0x70e88000 	C:\Windows\system32\opengl32.dll
0x71190000 - 0x711b2000 	C:\Windows\system32\GLU32.dll
0x6e160000 - 0x6e247000 	C:\Windows\system32\DDRAW.dll
0x70d70000 - 0x70d76000 	C:\Windows\system32\DCIMAN32.dll
0x70910000 - 0x70942000 	C:\Program Files (x86)\BlueJ\jdk\jre\bin\t2k.dll
0x6b360000 - 0x6b6a7000 	C:\Windows\system32\d2d1.dll
0x6b1e0000 - 0x6b355000 	C:\Windows\system32\d3d11.dll
0x708c0000 - 0x7090c000 	C:\Windows\system32\dxgi.dll
0x6aff0000 - 0x6b1d9000 	C:\Windows\system32\D3D10Warp.dll
0x75870000 - 0x7589f000 	C:\Windows\syswow64\WINTRUST.dll
0x75ea0000 - 0x75fc1000 	C:\Windows\syswow64\CRYPT32.dll
0x772d0000 - 0x772dc000 	C:\Windows\syswow64\MSASN1.dll
0x70d60000 - 0x70d6f000 	C:\Program Files (x86)\BlueJ\jdk\jre\bin\prism_common.dll
0x70880000 - 0x7089b000 	C:\Program Files (x86)\Common Files\Netop\WebFilterLSP32.dll
0x706f0000 - 0x70713000 	C:\ProgramData\Sophos\Web Intelligence\swi_ifslsp.dll
0x70d20000 - 0x70d2b000 	C:\Program Files (x86)\Common Files\Netop\WebFilterLogger32.dll
0x706a0000 - 0x706a5000 	C:\Windows\System32\wshtcpip.dll
0x705f0000 - 0x70634000 	C:\Windows\system32\DNSAPI.dll
0x70670000 - 0x7069c000 	C:\Program Files (x86)\Netop\Vision\Plugins\WebLock\WebFilterMgr32.dll
0x70640000 - 0x7066f000 	C:\Windows\system32\XmlLite.dll
0x73800000 - 0x73821000 	C:\Windows\system32\ntmarta.dll
0x753e0000 - 0x75425000 	C:\Windows\syswow64\WLDAP32.dll
0x6f210000 - 0x6f216000 	C:\Windows\system32\rasadhlp.dll
0x6f220000 - 0x6f258000 	C:\Windows\System32\fwpuclnt.dll
0x735f0000 - 0x735fe000 	C:\Windows\system32\RpcRtRemote.dll
0x703d0000 - 0x703f0000 	C:\Program Files (x86)\BlueJ\jdk\jre\bin\sunec.dll
0x708a0000 - 0x708a9000 	C:\Program Files (x86)\BlueJ\jdk\jre\bin\sunmscapi.dll
0x703c0000 - 0x703c9000 	C:\Program Files (x86)\BlueJ\jdk\jre\bin\dt_shmem.dll
0x6f320000 - 0x6f330000 	C:\Windows\system32\NLAapi.dll
0x6f310000 - 0x6f320000 	C:\Windows\system32\napinsp.dll
0x6f2f0000 - 0x6f302000 	C:\Windows\system32\pnrpnsp.dll
0x6f2e0000 - 0x6f2e8000 	C:\Windows\System32\winrnr.dll
0x6f390000 - 0x6f39a000 	C:\Program Files (x86)\BlueJ\jdk\jre\bin\management.dll
0x63500000 - 0x656c1000 	C:\Program Files (x86)\BlueJ\jdk\jre\bin\jfxwebkit.dll
0x6f4d0000 - 0x6f5bb000 	C:\Windows\system32\dbghelp.dll

VM Arguments:
jvm_args: -Xmx512M -Djavafx.embed.singleThread=true 
java_command: <unknown>
java_class_path (initial): C:\Program Files (x86)\BlueJ\lib\bluej.jar;C:\Program Files (x86)\BlueJ\jdk\lib\tools.jar
Launcher Type: generic

Environment Variables:
PATH=C:\Python27\;C:\Python27\Scripts;C:\Program Files (x86)\Common Files\Oracle\Java\javapath;C:\ProgramData\Oracle\Java\javapath;C:\Windows\system32;C:\Windows;C:\Windows\System32\Wbem;C:\Windows\System32\WindowsPowerShell\v1.0\;C:\Program Files (x86)\Common Files\Netop\;C:\Program Files (x86)\Netop\Vision\XL\;C:\Program Files\Git\cmd;C:\Program Files (x86)\QuickTime\QTSystem\;C:\Program Files (x86)\NVIDIA Corporation\PhysX\Common;C:\Program Files\dotnet\;C:\ProgramData\chocolatey\bin;C:\Program Files\nodejs\;C:\Users\nbowman\AppData\Local\GitHubDesktop\bin
USERNAME=nbowman
OS=Windows_NT
PROCESSOR_IDENTIFIER=AMD64 Family 21 Model 2 Stepping 0, AuthenticAMD



---------------  S Y S T E M  ---------------

OS: Windows 7 , 64 bit Build 7601 (6.1.7601.23915)

CPU:total 8 (initial active 8) (8 cores per cpu, 1 threads per core) family 21 model 2 stepping 0, cmov, cx8, fxsr, mmx, sse, sse2, sse3, ssse3, sse4.1, sse4.2, popcnt, avx, aes, clmul, mmxext, 3dnowpref, lzcnt, sse4a, tsc, tscinvbit, tscinv, bmi1

Memory: 4k page, physical 16737016k(14147816k free), swap 17759156k(15014396k free)

vm_info: Java HotSpot(TM) Client VM (25.144-b01) for windows-x86 JRE (1.8.0_144-b01), built on Jul 21 2017 21:58:05 by "java_re" with MS VC++ 10.0 (VS2010)

time: Wed Nov 28 09:50:40 2018
elapsed time: 53 seconds (0d 0h 0m 53s)

